<?xml version="1.0" encoding="UTF-8"?>
<testng-results skipped="0" failed="0" ignored="0" total="1" passed="1">
  <reporter-output>
  </reporter-output>
  <suite name="CompareResponse.CompareTwoApiTest" duration-ms="99159" started-at="2019-12-09T07:46:53Z" finished-at="2019-12-09T07:48:33Z">
    <groups>
    </groups>
    <test name="Command line test" duration-ms="99159" started-at="2019-12-09T07:46:53Z" finished-at="2019-12-09T07:48:33Z">
      <class name="CompareResponse.CompareTwoApiTest">
        <test-method status="PASS" signature="compareTwoApis()[pri:0, instance:CompareResponse.CompareTwoApiTest@60f82f98]" name="compareTwoApis" duration-ms="99048" started-at="2019-12-09T07:46:53Z" finished-at="2019-12-09T07:48:33Z">
          <reporter-output>
          </reporter-output>
        </test-method> <!-- compareTwoApis -->
      </class> <!-- CompareResponse.CompareTwoApiTest -->
    </test> <!-- Command line test -->
  </suite> <!-- CompareResponse.CompareTwoApiTest -->
</testng-results>
